<?xml version="1.0" encoding="UTF-8"?>
<testsuite name="com.ab.hipsterdex.TestToken" tests="5" skipped="0" failures="0" errors="0" timestamp="2019-05-01T09:59:33" hostname="DESKTOP-MHRRJ2H" time="0.005">
  <properties/>
  <testcase name="testClone" classname="com.ab.hipsterdex.TestToken" time="0.002"/>
  <testcase name="testToString" classname="com.ab.hipsterdex.TestToken" time="0.0"/>
  <testcase name="testTokenConstructor" classname="com.ab.hipsterdex.TestToken" time="0.001"/>
  <testcase name="testHashCode" classname="com.ab.hipsterdex.TestToken" time="0.0"/>
  <testcase name="testTokenCopyInstructor" classname="com.ab.hipsterdex.TestToken" time="0.0"/>
  <system-out><![CDATA[]]></system-out>
  <system-err><![CDATA[]]></system-err>
</testsuite>
